2024-10-04 17:27:48.582 - DBeaver 22.3.2.202301060755 is starting
2024-10-04 17:27:48.585 - OS: Windows 10 10.0 (amd64)
2024-10-04 17:27:48.585 - Java version: 11.0.12 by Eclipse Foundation (64bit)
2024-10-04 17:27:48.585 - Install path: 'C:\week_web_1900_jyj\dbms\oracle\resource\dbeaver'
2024-10-04 17:27:48.585 - Instance path: 'file:/C:/week_web_1900_jyj/dbms/oracle/workspace_study/'
2024-10-04 17:27:48.585 - Memory available 64Mb/1024Mb
2024-10-04 17:27:48.597 - Create display
2024-10-04 17:27:48.706 - Initializing DBeaver 22.3.2
2024-10-04 17:27:48.707 - Host plugin: org.jkiss.dbeaver.ui.app.standalone 22.3.2.202301060755
2024-10-04 17:27:48.708 - Initialize desktop platform...
2024-10-04 17:27:48.897 - BounceCastle bundle found. Use JCE provider BC
> Start Core File Systems [org.eclipse.core.filesystem 1.9.500.v20220817-1539]
> Start Core Resource Management [org.eclipse.core.resources 3.18.100.v20221025-2047]
> Start DBeaver UI Navigator [org.jkiss.dbeaver.ui.navigator 1.0.97.202301060755]
> Start 팀 지원 핵심 [org.eclipse.team.core 3.9.600.v20220902-2219]
2024-10-04 17:27:49.200 - Initialize base platform...
> Start Expression Language [org.eclipse.core.expressions 3.8.200.v20220613-1047]
2024-10-04 17:27:49.241 - Platform initialized (533ms)
> Start DBeaver UI Editors - Base [org.jkiss.dbeaver.ui.editors.base 1.0.97.202301060755]
2024-10-04 17:27:49.249 - Starting RMI server at 23291
2024-10-04 17:27:51.754 - Run workbench
> Start Eclipse e4 작업영역 SWT [org.eclipse.e4.ui.workbench.swt 0.16.700.v20221024-2137]
> Start Eclipse Application Services [org.eclipse.e4.core.services 2.3.400.v20220915-1347]
> Start Eclipse UI Application Services [org.eclipse.e4.ui.services 1.5.100.v20221024-2137]
> Start Eclipse e4 Progress View [org.eclipse.e4.ui.progress 0.3.600.v20221024-2137]
> Start EMF XML/XMI Persistence [org.eclipse.emf.ecore.xmi 2.17.0.v20220817-1334]
> Start Eclipse CSS SWT Theme Support [org.eclipse.e4.ui.css.swt.theme 0.13.200.v20221024-2137]
> Start Eclipse e4 작업영역 기능 추가 [org.eclipse.e4.ui.workbench.addons.swt 1.4.500.v20221028-0801]
> Start Eclipse e4 작업영역 SWT 렌더러 [org.eclipse.e4.ui.workbench.renderers.swt 0.15.700.v20221024-2137]
> Start Eclipse Bindings Support [org.eclipse.e4.ui.bindings 0.13.200.v20221024-2137]
> Start Eclipse Dependency Injection Extensions [org.eclipse.e4.core.di.extensions 0.17.200.v20220613-1008]
> Start Eclipse CSS SWT Support [org.eclipse.e4.ui.css.swt 0.14.700.v20221102-0748]
> Start DBeaver UI [org.jkiss.dbeaver.ui 5.1.112.202301060755]
> Start Java Native Access [com.sun.jna 5.12.1.v20221103-2317]
Warning: NLS unused message: BlockedJobsDialog_UserInterfaceTreeElement in: org.eclipse.ui.internal.progress.messages
2024-10-04 17:28:05.913 - Configure workbench window
> Start 도움말 시스템 코어 [org.eclipse.help 3.9.100.v20210721-0601]
2024-10-04 17:28:06.036 - Create actions
2024-10-04 17:28:06.041 - Disable Eclipse action set 'org.eclipse.ui.edit.text.actionSet.annotationNavigation'
2024-10-04 17:28:06.041 - Disable Eclipse action set 'org.eclipse.ui.WorkingSetActionSet'
2024-10-04 17:28:06.041 - Disable Eclipse action set 'org.eclipse.ui.actionSet.openFiles'
2024-10-04 17:28:06.438 - Initialize workbench window
2024-10-04 17:28:06.445 - Finish initialization
> Start 기본 문서 편집기 [org.eclipse.ui.editors 3.14.400.v20220730-1844]
> Start 텍스트 편집기 프레임워크 [org.eclipse.ui.workbench.texteditor 3.16.600.v20220809-1658]
> Start DBeaver UI Editors - Data [org.jkiss.dbeaver.ui.editors.data 1.0.97.202301060755]
> Start DBeaver SQL Model [org.jkiss.dbeaver.model.sql 1.0.87.202301060755]
Warning: NLS unused message: actions_navigator__objects in: org.jkiss.dbeaver.ui.editors.sql.internal.SQLEditorMessages
> Start DBeaver UI Editors - SQL [org.jkiss.dbeaver.ui.editors.sql 1.0.97.202301060755]
> Start 핵심 비교 지원 [org.eclipse.compare.core 3.7.100.v20220812-1406]
> Start Equinox Java Authentication and Authorization Service (JAAS) [org.eclipse.equinox.security 1.3.1000.v20220801-1135]
> Start 인터넷 연결 관리 사용자 인터페이스 [org.eclipse.ui.net 1.4.100.v20220812-1406]
> Start Internet Connection Management [org.eclipse.core.net 1.4.0.v20220813-1037]
> Start DBeaver Sample Database [org.jkiss.dbeaver.ext.sample.database 1.0.134.202301060755]
> Start DBeaver Tip of the day [org.jkiss.dbeaver.ext.ui.tipoftheday 1.0.103.202301060755]
> Start Draw2d [org.eclipse.draw2dl 3.12.100.20221221122425]
> Start GEF3 GEF (MVC) [org.eclipse.gef3 3.12.100.20221221122425]
> Start DBeaver ERD UI [org.jkiss.dbeaver.erd.ui 3.0.57.202301060755]
> Start DBeaver ERD Model [org.jkiss.dbeaver.erd.model 1.0.57.202301060755]
2024-10-04 17:28:08.388 - Total database drivers: 101 (101)
> Start 콘솔 [org.eclipse.ui.console 3.11.400.v20221012-0524]
Warning: NLS unused message: InputStreamMonitor_label in: org.eclipse.debug.internal.core.DebugCoreMessages
Warning: NLS unused message: OutputStreamMonitor_label in: org.eclipse.debug.internal.core.DebugCoreMessages
> Start 디버그 핵심 [org.eclipse.debug.core 3.20.0.v20220811-0741]
Warning: NLS unused message: pref_page_database_resultsets_group_image in: org.jkiss.dbeaver.ui.editors.data.internal.DataEditorsResources
2024-10-04 17:28:08.867 - Connect with 'localhost' (oracle_thin-191e0291090-1b06b582cfb2e28)
> Start DBeaver Oracle Support [org.jkiss.dbeaver.ext.oracle 2.1.182.202301060755]
2024-10-04 17:28:08.901 - Execution context opened (localhost; Main; 0)
2024-10-04 17:28:09.636 - Execution context opened (localhost; Metadata; 1)
2024-10-04 17:28:09.764 - Connected (oracle_thin-191e0291090-1b06b582cfb2e28, Oracle JDBC driver [11.2.0.2.0])
2024-10-04 17:28:09.856 - Execution context opened (localhost; SQLEditor <day.sql>; 2)
2024-10-04 17:28:10.955 - Open [https://dbeaver.io/product/version.xml]
